1362
A 576
A 1078
Alcarnus 130
And 1295
And 480
Another 404
As 818
As 347
Aug 11
BlizzCon 35
BlizzCon 28
But 767
But 147
But 902
But 435
But 934
By 7
Diablo 1358
Diablo 1
Diablo 664
Diablo 55
Enclave 900
Finally 645
GameSpotPosted 10
Getting 1317
Giancarlo 8
Hands-On 4
He 952
Here 116
III 1359
III 2
III 665
III 56
In 181
In 501
Inner 519
It 326
It 524
It's 463
Just 377
Khamsin 901
Look 1353
Monk 6
NPC 1011
Naturally 1105
Near 1132
Of 213
Once 872
PT 13
Pass 682
Shortly 29
So 1189
Sounds 845
Sundered 681
That 812
The 603
The 314
The 1271
The 175
The 5
The 624
The 683
The 237
The 667
Then 395
There's 205
These 722
This 281
This 445
This 1201
Updated 3
Using 740
Varanini 9
Way 557
We 671
We 1001
We 14
We 90
We 1139
We 890
We 1160
We'll 1333
Well 969
What 65
While 1237
With 1036
With 1266
Yes 1009
Zakarwa 1100
Zakarwa 1148
Zakarwa 1030
Zakarwa 1114
a 863
a 259
a 1221
a 526
a 1196
a 1282
a 84
a 512
a 563
a 1170
a 307
a 573
a 1320
a 196
a 45
a 157
a 1018
a 108
a 265
a 270
a 699
a 117
a 301
a 559
a 460
a 641
a 1164
a 207
a 1133
a 380
a 171
a 40
a 993
a 288
a 966
a 705
a 1288
a 188
a 331
a 908
a 922
a 273
a 61
a 418
a 544
a 320
a 956
a 1199
abilities 1342
abilities 212
about 955
about 639
about 69
absolutely 859
across 1195
across 828
across 976
activate 1179
active 406
active 211
actually 1120
adventure 676
after 201
after 30
after 935
again 982
air 801
alerts 133
allowing 421
almost 257
almost 940
almost 368
already 186
also 363
also 206
also 507
also 132
always 487
amount 781
an 1275
an 764
an 838
and 656
and 1099
and 233
and 131
and 731
and 1193
and 755
and 1031
and 738
and 399
and 1144
and 390
and 1151
and 1251
and 47
and 1088
and 938
and 173
and 1261
and 878
and 1347
and 848
and 305
and 980
and 335
and 912
and 653
and 1060
and 1005
and 614
and 1169
and 1228
and 515
and 427
and 598
and 748
and 622
and 809
and 841
and 961
announced 60
announced 24
another 977
another 1207
any 472
any 634
apparently 928
appeared 718
appeared 989
appears 276
are 591
are 723
are 229
are 1315
area 857
areas 661
around 529
as 195
as 631
as 1224
as 633
as 193
as 1226
as 640
as 1013
asks 834
at 25
at 775
at 457
at 226
attack 322
attack 352
attack 250
attack 434
attacks 455
attacks 1309
attempted 999
automatically 951
available 600
available 80
available 647
b 172
back 456
back 342
back 397
back 1262
balance 1350
barbarian 1294
barfing 1067
barfs 1012
basic 609
battling 821
be 490
be 1311
be 1334
be 220
be 1300
be 763
be 1103
be 242
be 552
because 1306
because 1231
been 59
before 340
before 866
before 585
before 297
before 903
before 431
before 917
before 148
bit 1283
blinds 415
blood 304
boulders 1229
bounty 1055
bring 895
but 987
but 81
but 1115
but 853
but 361
but 703
by 543
by 1027
by 469
c 174
cache 957
called 714
came 975
came 827
came 1162
came 1194
camp 840
camp 944
camp 871
camp 923
camp 979
camp 1112
camps 1098
can 433
can 241
can 367
can 1325
can 349
can't 534
careful 1302
careful 1332
casting 471
caught 1318
caused 882
ceremonies 37
certain 967
certain 419
chance 41
character 593
character 604
character 119
character 613
character 1291
charging 936
checked 155
checked 583
class 1346
class 23
class 1277
class 53
click 700
cloud 302
cohorts 760
collected 1053
columns 170
come 733
come 638
computer 46
concert 245
conclusion 32
contain 1183
continued 820
conversations 1080
counterattack 574
couple 189
coverage 1356
creates 525
creature 792
creatures 726
creatures 310
creatures 146
cross 535
crowd 730
crumbling 1236
crumbling 1230
cult 978
cult 1097
cultist 949
cultists 1026
cultists--whose 925
damage 783
dead 1077
dead 1150
deadly 668
death 1328
default 249
defense 444
defenses 1314
definitely 1274
definitely 1297
demo 183
demonlike 725
depending 291
dervish--a 790
desert 856
desert 115
desert 590
desert 140
desert 1215
desert 1138
details 581
details 161
dexterity 620
did 907
died 1254
different 1205
difficult 553
direction 479
direction 494
discovered 1089
dive 48
do 1156
doesn't 253
doesn't 483
drag 655
drain 254
drop 657
drugged 1034
dune 789
dungeon 1260
dungeon 1233
dungeon 1200
dungeon 1134
dungeon 1202
easily 654
easily 696
effective 765
enclave 1143
enclave 1087
enclave 1050
encountered 774
encountered 710
encountered 688
ended 1270
enemies 1324
enemies 713
enemies 825
enemies 772
enemies 383
enemies 747
enemies 360
enemies 458
enemies 334
enemies 416
enemies 470
enemies 548
enemies 686
enemies 533
enemy 402
enemy 285
enemy 272
enemy's 279
engaging 357
equipment 960
especially 354
especially 538
even 972
eventually 1161
eventually 1045
everyone 941
everyone 984
everyone 1109
everyone 1146
evil 1187
evil 145
executed 879
exists 89
explode 403
explode 754
explodes 299
exploding 238
exploding 231
exploding 393
exploding 742
exploding 375
exploring 911
exploring 1159
exploring 971
exploring 644
extremities 796
facing 491
fact 137
fall 886
fallen 715
fast 564
favorite 439
features 615
female 75
few 1079
few 461
few 197
few 706
few 685
few 158
few 577
few 62
few 308
few 289
fight 555
finally 867
find 837
find 1240
first 830
first 684
fists 561
fists 514
flavors 736
floating 798
for 459
for 223
for 54
for 1354
for 408
for 611
for 1056
for 356
for 323
force 569
force 516
forcing 1255
found 875
from 1206
fu 178
future 1362
game 96
games 721
gang 332
gates 106
general 478
get 15
get 385
girl 1068
girls 1021
gives 606
go 125
go 1004
go 1245
got 862
grip 18
ground 889
group 1019
group 546
group 381
group 1322
groups 358
had 39
had 58
had 1220
hands 785
happened 1101
has 187
has 168
has 286
have 717
have 1298
have 1121
he 1175
he 298
he 1033
he 295
head 884
head 897
head 280
heading 904
heading 586
heading 677
heart 274
help 1177
her 1003
hidden 964
him 880
him 328
him 1256
him 313
him 1127
him 1071
his 1074
his 896
his 883
his 344
his 1313
his 1308
hit 810
hop 43
hotkey 660
how 1348
how 293
hundred 560
hundred 513
icon 275
if 1329
if 1128
imagine 350
immediately 67
impenetrable 443
impossible 804
in 985
in 492
in 244
in 965
in 476
in 942
in 937
in 929
in 300
in 425
in 417
in 799
in 1319
in 777
in 371
in 734
in 719
in 708
in 698
in 1360
in 1110
in 662
in 1216
in 1136
incarnation 76
inclined 1131
including 162
including 1113
incredibly 464
inner 508
inside 103
interested 1335
interesting 364
interesting 1276
interface 666
into 50
into 379
into 93
into 330
is 521
is 296
is 446
is 441
is 858
is 411
is 813
is 787
is 1273
is 179
is 353
is 83
is 317
is 72
is 572
is 141
is 562
is 77
is 256
it 252
it 500
it 988
it 986
it 482
it 913
it 815
it 811
it 803
it 784
it 370
it 1116
it's 537
it's 963
it's 362
its 843
its 795
its 74
itself 1234
jumped 92
just 806
kill 842
kill 1126
killed 983
killed 1108
killing 1057
kind 997
know 1072
kung 177
kung-fu 17
lands 264
large 545
last 1094
later 1081
leader 877
leader 844
leads 111
least 776
led 1039
left 1154
let 1002
let 400
let 752
let 1070
lets 450
lets 327
lets 650
level 203
like 485
like 728
like 1292
like 618
like 319
like 1092
like 258
limit 1248
limit 1223
little 909
little 864
little 724
lived 950
located 1208
location 968
log 626
log 597
long 916
lost 865
lowly 690
magic-imbued 746
magic-powered 739
main 629
making 802
mana 255
massive 860
massive 1321
may 1310
mean 1327
means 282
melee-focused 1290
members 926
middle 931
minutes 63
minutes 707
mixture 209
monk 919
monk 452
monk 225
monk 1345
monk 52
monk 410
monk 101
monk 185
monk 22
monk 675
monk 325
monk 1253
monk 1272
monk 71
monk 1107
monk 1305
monk 531
monk 263
monk's 248
monk's 176
monk's 164
more 1284
more 973
more 910
more 1355
more 1301
more 318
more 1158
most 221
most 438
most 692
move 424
much 851
much 711
must 124
named 1029
necromancer 1171
necromancer 1167
need 488
needed 1243
needed 1176
new 21
nice 208
niece 1075
non-player 118
normal 345
not 1331
not 1316
not 79
not 1125
noticed 68
now 142
of 511
of 1020
of 503
of 998
of 995
of 495
of 958
of 474
of 932
of 924
of 210
of 104
of 1339
of 824
of 643
of 782
of 779
of 769
of 382
of 190
of 359
of 693
of 1357
of 1343
of 333
of 303
of 1323
of 159
of 1258
of 1213
of 1186
of 1166
of 578
of 566
of 558
of 1095
of 547
of 1085
of 33
of 1065
of 129
offer 1281
often 1326
on 921
on 107
on 744
on 19
on 151
on 1209
on 292
on 269
on 1041
once 204
one 948
one 389
one 768
one 1219
only 704
only 287
onto 44
onto 679
open 114
opening 36
option 649
option 602
option 1123
options 1286
or 701
other 504
other 1341
other 1211
other 580
others 198
otherwise 551
our 918
our 437
our 1268
our 829
our 674
our 1252
our 1106
our 16
our 1054
out 430
out 1250
out 398
out 786
out 757
out 678
out 1352
out 1257
out 156
out 311
out 150
out 1192
out 587
out 584
out 1084
outlaw 839
outlaw 1059
over 277
overrun 143
own 759
palm 239
palm 232
palm 394
palm 376
palm 743
path 109
path 1043
perform 336
perhaps 436
playtime 1269
pm 12
point 228
portal 1197
portal 1135
poster 832
pretty 846
pretty 522
previous 720
prior 64
projectile 497
projectile 454
proper 95
quest 630
quest 625
quest 153
quest 596
quests 636
quick 338
quickly 426
quickly 652
radiant 412
radius 420
ran 1249
ranged 321
reflect 453
regular 737
result 642
returned 1140
reverting 341
right 49
ring 528
rocks 1227
ruins 1181
rundown 610
running 750
sacrifice 1000
said 1173
sanctuary 509
sanctuary 520
saw 946
saw 99
screen 605
screen 594
seconds 462
seconds 290
see 1337
seem 484
seem 218
seemed 1091
seems 761
seems 1279
seems 1117
series 1165
series 565
setting 149
seven-sided 235
seven-sided 669
seven-sided 315
several 337
she 1014
she 1006
she 88
she 1038
shouldn't 849
shows 627
side 635
side 1212
silhouette 85
since 854
single 271
skill 448
skill 440
skill 407
skill 165
skill 575
skill--whenever 261
skills 505
skills 191
skills 658
skills 648
skills 601
slaughtering 939
slightly 1204
small 527
so 251
so 1130
so 536
some 996
some 105
some 1338
some 1184
some 1180
some 1157
someone 1028
sort 1185
spells 475
spinning 817
spins 794
spirits 1188
spoke 1061
squidlike 791
standing 102
started 673
state 346
stats 617
still 78
stops 816
straightforward 847
straightforward 523
strategic 1285
strategy 766
strength 619
strike 236
strike 670
strike 316
strike 268
strikes 339
strikes 567
strong 180
strong 1312
strong 294
stronger 771
stronger 712
strongest 388
stumbled 920
stumbling 868
successive 267
suggests 87
surface 1265
surrounded 468
surrounded 542
surrounding 309
survivor 994
take 428
take 850
take 756
taken 1023
takes 306
tandem 372
tells 1015
tells 120
terms 502
terms 778
than 1287
thankfully 481
that 1017
that 990
that 122
that 962
that 947
that 57
that 449
that 110
that 217
that 401
that 199
that 793
that 365
that 727
that 86
that 1278
that 637
that 1267
that 1217
that 1174
that 73
that 1147
that 283
that 1118
that 138
that 549
that 1073
that 532
that 1044
that 1037
that 1032
the 31
the 127
the 496
the 247
the 493
the 943
the 234
the 930
the 230
the 113
the 451
the 899
the 224
the 447
the 888
the 442
the 876
the 870
the 215
the 51
the 409
the 100
the 800
the 788
the 392
the 780
the 387
the 770
the 94
the 374
the 745
the 741
the 184
the 1361
the 680
the 1344
the 1340
the 20
the 663
the 1304
the 163
the 324
the 1293
the 646
the 160
the 1264
the 1259
the 1246
the 1232
the 152
the 608
the 1214
the 1210
the 599
the 595
the 592
the 589
the 579
the 1142
the 1137
the 284
the 70
the 1122
the 139
the 278
the 1111
the 34
the 1096
the 1093
the 136
the 1086
the 1066
the 1063
the 530
the 1058
the 262
the 1049
the 1042
the 1025
their 959
their 758
them 429
them 753
them 1035
then 892
then 749
then 91
then 672
then 1152
there 991
there 905
there 873
there 82
there 1104
there's 506
they 432
they 732
they 1349
things 1351
third 266
this 1010
this 227
this 855
this 26
this 182
this 351
this 1218
those 214
thought 571
thought 518
three 169
threw 1007
throngs 823
through 822
through 556
time 852
time 1247
time 1222
to 126
to 498
to 489
to 898
to 112
to 894
to 887
to 885
to 219
to 423
to 836
to 805
to 386
to 384
to 762
to 751
to 729
to 343
to 42
to 1336
to 659
to 1299
to 1280
to 1263
to 1244
to 1239
to 1198
to 1182
to 1178
to 588
to 1155
to 1141
to 1124
to 554
to 1102
to 135
to 1069
to 1062
to 1048
to 1024
told 953
told 893
told 1145
too 915
took 1046
totems 1168
touch-of-death 260
town 128
tree 166
trying 1238
two 216
two 735
two 702
typical 1289
typical 616
uncle 1064
unlock 200
unlocked 192
until 814
up 1008
up 808
upon 970
upon 869
upon 1163
us 954
us 1047
us 1040
use 499
use 391
use 369
used 243
useful 465
useful 222
useful 405
useful 355
useful 539
vanquished 697
variety 473
ventured 1191
ventured 1083
visage 413
vitality 621
walk 807
wanted 831
was 992
was 1235
was 1203
was 1149
was 1076
wasn't 914
wasps 691
way 510
we 974
we 945
we 906
we 874
we 861
we 826
we 819
we 98
we 773
we 709
we 687
we 1242
we 154
we 38
we 1190
we 582
we 1153
we 1082
we 66
we 1052
well 194
well 632
well 1225
were 1022
were 927
were 891
were 695
were 689
what 1090
when 466
when 540
where 97
where 1241
where 1051
which 240
which 881
which 833
which 414
which 716
which 694
which 167
while 797
while 1307
while 568
who 1172
willpower 623
with 246
with 373
with 1303
with 312
with 144
without 570
without 517
worshipping 933
would 550
year's 27
yet 981
you 1016
you 123
you 486
you 121
you 422
you 835
you 202
you 366
you 348
you 651
you 1296
you 607
you 1119
you 134
you're 467
you're 1330
you're 1129
you're 541
your 477
your 628
your 612
zip 396
zip 378
zip 329
